<?xml version="1.0" encoding="UTF-8"?>
<!-- Generated by org.testng.reporters.JUnitXMLReporter -->
<testsuite ignored="0" hostname="QT-INNO-LT0915" failures="0" tests="2" name="Default test" time="38.288" errors="0" timestamp="2022-07-27T10:43:27 IST">
  <testcase classname="com.herokuapp.theinternet.NegativeTest" name="incorrectPasswordTest" time="20.893"/>
  <testcase classname="com.herokuapp.theinternet.NegativeTest" name="incorrectUsernameTest" time="17.337"/>
</testsuite> <!-- Default test -->
