<?xml version="1.0" encoding="UTF-8"?>
<!-- Generated by org.testng.reporters.JUnitXMLReporter -->
<testsuite ignored="0" hostname="QT-INNO-LT0915" failures="0" tests="2" name="NegativeTest" time="30.88" errors="0" timestamp="2022-07-27T10:47:11 IST">
  <testcase classname="com.herokuapp.theinternet.NegativeTest" name="incorrectPasswordTest" time="17.345"/>
  <testcase classname="com.herokuapp.theinternet.NegativeTest" name="incorrectUsernameTest" time="13.531"/>
</testsuite> <!-- NegativeTest -->
