<?xml version="1.0" encoding="UTF-8"?>
<!-- Generated by org.testng.reporters.JUnitXMLReporter -->
<testsuite ignored="0" hostname="QT-INNO-LT0915" failures="0" tests="2" name="NegativeTest" time="27.324" errors="0" timestamp="2022-07-25T12:22:31 IST">
  <testcase classname="com.herokuapp.theinternet.NegativeTest" name="incorrectPasswordTest" time="13.494"/>
  <testcase classname="com.herokuapp.theinternet.NegativeTest" name="incorrectUsernameTest" time="13.822"/>
</testsuite> <!-- NegativeTest -->
