<?xml version="1.0" encoding="UTF-8"?>
<testng-results ignored="0" total="3" passed="3" failed="0" skipped="0">
  <reporter-output>
  </reporter-output>
  <suite started-at="2022-07-25T12:33:59 IST" name="AllTest" finished-at="2022-07-25T12:34:51 IST" duration-ms="52805">
    <groups>
    </groups>
    <test started-at="2022-07-25T12:33:59 IST" name="PositiveTest" finished-at="2022-07-25T12:34:22 IST" duration-ms="22948">
      <class name="com.herokuapp.theinternet.PositiveTest">
        <test-method signature="loginTest()[pri:0, instance:com.herokuapp.theinternet.PositiveTest@ea6147e]" started-at="2022-07-25T12:33:59 IST" name="loginTest" finished-at="2022-07-25T12:34:22 IST" duration-ms="22895" status="PASS">
          <reporter-output>
          </reporter-output>
        </test-method> <!-- loginTest -->
      </class> <!-- com.herokuapp.theinternet.PositiveTest -->
    </test> <!-- PositiveTest -->
    <test started-at="2022-07-25T12:34:22 IST" name="NegativeTest" finished-at="2022-07-25T12:34:51 IST" duration-ms="29798">
      <class name="com.herokuapp.theinternet.NegativeTest">
        <test-method signature="incorrectPasswordTest()[pri:0, instance:com.herokuapp.theinternet.NegativeTest@741a8937]" started-at="2022-07-25T12:34:22 IST" name="incorrectPasswordTest" finished-at="2022-07-25T12:34:36 IST" duration-ms="14518" status="PASS">
          <reporter-output>
          </reporter-output>
        </test-method> <!-- incorrectPasswordTest -->
        <test-method signature="incorrectUsernameTest()[pri:0, instance:com.herokuapp.theinternet.NegativeTest@741a8937]" started-at="2022-07-25T12:34:36 IST" name="incorrectUsernameTest" finished-at="2022-07-25T12:34:51 IST" duration-ms="15277" status="PASS">
          <reporter-output>
          </reporter-output>
        </test-method> <!-- incorrectUsernameTest -->
      </class> <!-- com.herokuapp.theinternet.NegativeTest -->
    </test> <!-- NegativeTest -->
  </suite> <!-- AllTest -->
</testng-results>
