<?xml version="1.0" encoding="UTF-8"?>
<testng-results ignored="0" total="3" passed="3" failed="0" skipped="0">
  <reporter-output>
  </reporter-output>
  <suite started-at="2022-07-25T12:21:41 IST" name="AllTest" finished-at="2022-07-25T12:22:31 IST" duration-ms="50153">
    <groups>
    </groups>
    <test started-at="2022-07-25T12:21:41 IST" name="PositiveTest" finished-at="2022-07-25T12:22:03 IST" duration-ms="22708">
      <class name="com.herokuapp.theinternet.PositiveTest">
        <test-method signature="loginTest()[pri:0, instance:com.herokuapp.theinternet.PositiveTest@25084a1e]" started-at="2022-07-25T12:21:41 IST" name="loginTest" finished-at="2022-07-25T12:22:03 IST" duration-ms="22653" status="PASS">
          <reporter-output>
          </reporter-output>
        </test-method> <!-- loginTest -->
      </class> <!-- com.herokuapp.theinternet.PositiveTest -->
    </test> <!-- PositiveTest -->
    <test started-at="2022-07-25T12:22:03 IST" name="NegativeTest" finished-at="2022-07-25T12:22:31 IST" duration-ms="27324">
      <class name="com.herokuapp.theinternet.NegativeTest">
        <test-method signature="incorrectPasswordTest()[pri:0, instance:com.herokuapp.theinternet.NegativeTest@1e1a0406]" started-at="2022-07-25T12:22:03 IST" name="incorrectPasswordTest" finished-at="2022-07-25T12:22:17 IST" duration-ms="13494" status="PASS">
          <reporter-output>
          </reporter-output>
        </test-method> <!-- incorrectPasswordTest -->
        <test-method signature="incorrectUsernameTest()[pri:0, instance:com.herokuapp.theinternet.NegativeTest@1e1a0406]" started-at="2022-07-25T12:22:17 IST" name="incorrectUsernameTest" finished-at="2022-07-25T12:22:31 IST" duration-ms="13822" status="PASS">
          <reporter-output>
          </reporter-output>
        </test-method> <!-- incorrectUsernameTest -->
      </class> <!-- com.herokuapp.theinternet.NegativeTest -->
    </test> <!-- NegativeTest -->
  </suite> <!-- AllTest -->
</testng-results>
