<?xml version="1.0" encoding="UTF-8"?>
<!-- Generated by org.testng.reporters.JUnitXMLReporter -->
<testsuite ignored="0" hostname="QT-INNO-LT0915" failures="0" tests="2" name="NegativeTest" time="29.798" errors="0" timestamp="2022-07-25T12:34:51 IST">
  <testcase classname="com.herokuapp.theinternet.NegativeTest" name="incorrectPasswordTest" time="14.518"/>
  <testcase classname="com.herokuapp.theinternet.NegativeTest" name="incorrectUsernameTest" time="15.277"/>
</testsuite> <!-- NegativeTest -->
